{"/Users/abhilashnambissan/tinyurl/models/index.js": {"path":"/Users/abhilashnambissan/tinyurl/models/index.js","statementMap":{"0":{"start":{"line":3,"column":16},"end":{"line":3,"column":29}},"1":{"start":{"line":4,"column":16},"end":{"line":4,"column":31}},"2":{"start":{"line":5,"column":16},"end":{"line":5,"column":36}},"3":{"start":{"line":6,"column":16},"end":{"line":6,"column":41}},"4":{"start":{"line":7,"column":16},"end":{"line":7,"column":53}},"5":{"start":{"line":8,"column":16},"end":{"line":8,"column":66}},"6":{"start":{"line":9,"column":16},"end":{"line":9,"column":18}},"7":{"start":{"line":11,"column":0},"end":{"line":15,"column":1}},"8":{"start":{"line":12,"column":18},"end":{"line":12,"column":77}},"9":{"start":{"line":14,"column":18},"end":{"line":14,"column":90}},"10":{"start":{"line":17,"column":0},"end":{"line":25,"column":5}},"11":{"start":{"line":20,"column":4},"end":{"line":20,"column":90}},"12":{"start":{"line":23,"column":16},"end":{"line":23,"column":63}},"13":{"start":{"line":24,"column":4},"end":{"line":24,"column":27}},"14":{"start":{"line":27,"column":0},"end":{"line":31,"column":3}},"15":{"start":{"line":28,"column":2},"end":{"line":30,"column":3}},"16":{"start":{"line":29,"column":4},"end":{"line":29,"column":32}},"17":{"start":{"line":33,"column":0},"end":{"line":33,"column":25}},"18":{"start":{"line":34,"column":0},"end":{"line":34,"column":25}},"19":{"start":{"line":36,"column":0},"end":{"line":36,"column":20}}},"fnMap":{"0":{"name":"(anonymous_0)","decl":{"start":{"line":19,"column":10},"end":{"line":19,"column":11}},"loc":{"start":{"line":19,"column":18},"end":{"line":21,"column":3}},"line":19},"1":{"name":"(anonymous_1)","decl":{"start":{"line":22,"column":11},"end":{"line":22,"column":12}},"loc":{"start":{"line":22,"column":19},"end":{"line":25,"column":3}},"line":22},"2":{"name":"(anonymous_2)","decl":{"start":{"line":27,"column":24},"end":{"line":27,"column":25}},"loc":{"start":{"line":27,"column":37},"end":{"line":31,"column":1}},"line":27}},"branchMap":{"0":{"loc":{"start":{"line":7,"column":16},"end":{"line":7,"column":53}},"type":"binary-expr","locations":[{"start":{"line":7,"column":16},"end":{"line":7,"column":36}},{"start":{"line":7,"column":40},"end":{"line":7,"column":53}}],"line":7},"1":{"loc":{"start":{"line":11,"column":0},"end":{"line":15,"column":1}},"type":"if","locations":[{"start":{"line":11,"column":0},"end":{"line":15,"column":1}},{"start":{"line":11,"column":0},"end":{"line":15,"column":1}}],"line":11},"2":{"loc":{"start":{"line":20,"column":11},"end":{"line":20,"column":89}},"type":"binary-expr","locations":[{"start":{"line":20,"column":12},"end":{"line":20,"column":35}},{"start":{"line":20,"column":41},"end":{"line":20,"column":58}},{"start":{"line":20,"column":64},"end":{"line":20,"column":88}}],"line":20},"3":{"loc":{"start":{"line":28,"column":2},"end":{"line":30,"column":3}},"type":"if","locations":[{"start":{"line":28,"column":2},"end":{"line":30,"column":3}},{"start":{"line":28,"column":2},"end":{"line":30,"column":3}}],"line":28}},"s":{"0":3,"1":3,"2":3,"3":3,"4":3,"5":3,"6":3,"7":3,"8":0,"9":3,"10":3,"11":6,"12":3,"13":3,"14":3,"15":3,"16":3,"17":3,"18":3,"19":3},"f":{"0":6,"1":3,"2":3},"b":{"0":[3,0],"1":[0,3],"2":[6,6,3],"3":[3,0]},"_coverageSchema":"332fd63041d2c1bcb487cc26dd0d5f7d97098a6c","hash":"613a8d65c47db7b05de39589ece65ae2b1d9a694"}
,"/Users/abhilashnambissan/tinyurl/models/tinyurl.js": {"path":"/Users/abhilashnambissan/tinyurl/models/tinyurl.js","statementMap":{"0":{"start":{"line":2,"column":0},"end":{"line":23,"column":2}},"1":{"start":{"line":3,"column":18},"end":{"line":14,"column":8}},"2":{"start":{"line":16,"column":2},"end":{"line":17,"column":92}},"3":{"start":{"line":17,"column":4},"end":{"line":17,"column":91}},"4":{"start":{"line":19,"column":2},"end":{"line":21,"column":4}},"5":{"start":{"line":22,"column":2},"end":{"line":22,"column":17}}},"fnMap":{"0":{"name":"(anonymous_0)","decl":{"start":{"line":2,"column":17},"end":{"line":2,"column":18}},"loc":{"start":{"line":2,"column":43},"end":{"line":23,"column":1}},"line":2},"1":{"name":"(anonymous_1)","decl":{"start":{"line":16,"column":25},"end":{"line":16,"column":26}},"loc":{"start":{"line":17,"column":4},"end":{"line":17,"column":91}},"line":17},"2":{"name":"(anonymous_2)","decl":{"start":{"line":19,"column":22},"end":{"line":19,"column":23}},"loc":{"start":{"line":19,"column":40},"end":{"line":21,"column":3}},"line":19}},"branchMap":{},"s":{"0":3,"1":3,"2":3,"3":7,"4":3,"5":3},"f":{"0":3,"1":7,"2":3},"b":{},"_coverageSchema":"332fd63041d2c1bcb487cc26dd0d5f7d97098a6c","hash":"f3b99f773b78fe8e74e9aa141d12597b320839fe"}
,"/Users/abhilashnambissan/tinyurl/src/server.js": {"path":"/Users/abhilashnambissan/tinyurl/src/server.js","statementMap":{"0":{"start":{"line":1,"column":13},"end":{"line":1,"column":28}},"1":{"start":{"line":2,"column":15},"end":{"line":2,"column":34}},"2":{"start":{"line":3,"column":13},"end":{"line":3,"column":28}},"3":{"start":{"line":5,"column":15},"end":{"line":5,"column":32}},"4":{"start":{"line":7,"column":0},"end":{"line":10,"column":3}},"5":{"start":{"line":12,"column":0},"end":{"line":12,"column":21}},"6":{"start":{"line":13,"column":0},"end":{"line":33,"column":3}},"7":{"start":{"line":30,"column":2},"end":{"line":32,"column":3}},"8":{"start":{"line":31,"column":4},"end":{"line":31,"column":14}},"9":{"start":{"line":35,"column":0},"end":{"line":42,"column":1}},"10":{"start":{"line":36,"column":2},"end":{"line":41,"column":5}},"11":{"start":{"line":37,"column":4},"end":{"line":39,"column":5}},"12":{"start":{"line":38,"column":6},"end":{"line":38,"column":16}},"13":{"start":{"line":40,"column":4},"end":{"line":40,"column":56}},"14":{"start":{"line":44,"column":0},"end":{"line":44,"column":24}}},"fnMap":{"0":{"name":"(anonymous_0)","decl":{"start":{"line":29,"column":3},"end":{"line":29,"column":4}},"loc":{"start":{"line":29,"column":12},"end":{"line":33,"column":1}},"line":29},"1":{"name":"(anonymous_1)","decl":{"start":{"line":36,"column":15},"end":{"line":36,"column":16}},"loc":{"start":{"line":36,"column":24},"end":{"line":41,"column":3}},"line":36}},"branchMap":{"0":{"loc":{"start":{"line":30,"column":2},"end":{"line":32,"column":3}},"type":"if","locations":[{"start":{"line":30,"column":2},"end":{"line":32,"column":3}},{"start":{"line":30,"column":2},"end":{"line":32,"column":3}}],"line":30},"1":{"loc":{"start":{"line":35,"column":0},"end":{"line":42,"column":1}},"type":"if","locations":[{"start":{"line":35,"column":0},"end":{"line":42,"column":1}},{"start":{"line":35,"column":0},"end":{"line":42,"column":1}}],"line":35},"2":{"loc":{"start":{"line":37,"column":4},"end":{"line":39,"column":5}},"type":"if","locations":[{"start":{"line":37,"column":4},"end":{"line":39,"column":5}},{"start":{"line":37,"column":4},"end":{"line":39,"column":5}}],"line":37}},"s":{"0":2,"1":2,"2":2,"3":2,"4":2,"5":2,"6":2,"7":2,"8":0,"9":2,"10":0,"11":0,"12":0,"13":0,"14":2},"f":{"0":2,"1":0},"b":{"0":[0,2],"1":[0,2],"2":[0,0]},"_coverageSchema":"332fd63041d2c1bcb487cc26dd0d5f7d97098a6c","hash":"abeda246f6713ef3858a028a57ec1839d981bd31"}
,"/Users/abhilashnambissan/tinyurl/src/helpers/urlGenerator.js": {"path":"/Users/abhilashnambissan/tinyurl/src/helpers/urlGenerator.js","statementMap":{"0":{"start":{"line":1,"column":15},"end":{"line":1,"column":32}},"1":{"start":{"line":4,"column":25},"end":{"line":7,"column":1}},"2":{"start":{"line":5,"column":15},"end":{"line":5,"column":92}},"3":{"start":{"line":6,"column":2},"end":{"line":6,"column":53}},"4":{"start":{"line":10,"column":25},"end":{"line":30,"column":1}},"5":{"start":{"line":11,"column":19},"end":{"line":11,"column":21}},"6":{"start":{"line":12,"column":20},"end":{"line":12,"column":29}},"7":{"start":{"line":13,"column":2},"end":{"line":28,"column":5}},"8":{"start":{"line":14,"column":15},"end":{"line":15,"column":18}},"9":{"start":{"line":16,"column":12},"end":{"line":16,"column":13}},"10":{"start":{"line":17,"column":4},"end":{"line":21,"column":5}},"11":{"start":{"line":18,"column":6},"end":{"line":19,"column":25}},"12":{"start":{"line":20,"column":6},"end":{"line":20,"column":13}},"13":{"start":{"line":22,"column":4},"end":{"line":22,"column":24}},"14":{"start":{"line":25,"column":4},"end":{"line":27,"column":7}},"15":{"start":{"line":29,"column":2},"end":{"line":29,"column":18}},"16":{"start":{"line":32,"column":25},"end":{"line":40,"column":1}},"17":{"start":{"line":33,"column":19},"end":{"line":33,"column":21}},"18":{"start":{"line":34,"column":2},"end":{"line":37,"column":3}},"19":{"start":{"line":35,"column":16},"end":{"line":35,"column":37}},"20":{"start":{"line":36,"column":4},"end":{"line":36,"column":23}},"21":{"start":{"line":39,"column":2},"end":{"line":39,"column":18}},"22":{"start":{"line":43,"column":0},"end":{"line":47,"column":2}}},"fnMap":{"0":{"name":"(anonymous_0)","decl":{"start":{"line":4,"column":25},"end":{"line":4,"column":26}},"loc":{"start":{"line":4,"column":58},"end":{"line":7,"column":1}},"line":4},"1":{"name":"(anonymous_1)","decl":{"start":{"line":10,"column":25},"end":{"line":10,"column":26}},"loc":{"start":{"line":10,"column":39},"end":{"line":30,"column":1}},"line":10},"2":{"name":"(anonymous_2)","decl":{"start":{"line":13,"column":19},"end":{"line":13,"column":20}},"loc":{"start":{"line":13,"column":32},"end":{"line":28,"column":3}},"line":13},"3":{"name":"(anonymous_3)","decl":{"start":{"line":32,"column":25},"end":{"line":32,"column":26}},"loc":{"start":{"line":32,"column":31},"end":{"line":40,"column":1}},"line":32}},"branchMap":{},"s":{"0":3,"1":3,"2":7,"3":7,"4":3,"5":1,"6":1,"7":1,"8":1000000,"9":1000000,"10":1000000,"11":14,"12":14,"13":1000000,"14":1000000,"15":1,"16":3,"17":2,"18":2,"19":2000000,"20":2000000,"21":2,"22":3},"f":{"0":7,"1":1,"2":1000000,"3":2},"b":{},"_coverageSchema":"332fd63041d2c1bcb487cc26dd0d5f7d97098a6c","hash":"7f71e75b535fc7b7926a985e962d411fa37b9684"}
,"/Users/abhilashnambissan/tinyurl/src/routes/createShortUrl.js": {"path":"/Users/abhilashnambissan/tinyurl/src/routes/createShortUrl.js","statementMap":{"0":{"start":{"line":1,"column":15},"end":{"line":1,"column":32}},"1":{"start":{"line":2,"column":15},"end":{"line":2,"column":38}},"2":{"start":{"line":3,"column":22},"end":{"line":3,"column":56}},"3":{"start":{"line":5,"column":21},"end":{"line":20,"column":1}},"4":{"start":{"line":6,"column":16},"end":{"line":6,"column":70}},"5":{"start":{"line":7,"column":2},"end":{"line":7,"column":21}},"6":{"start":{"line":8,"column":2},"end":{"line":19,"column":7}},"7":{"start":{"line":10,"column":6},"end":{"line":12,"column":7}},"8":{"start":{"line":11,"column":8},"end":{"line":11,"column":35}},"9":{"start":{"line":14,"column":6},"end":{"line":16,"column":7}},"10":{"start":{"line":15,"column":8},"end":{"line":15,"column":35}},"11":{"start":{"line":18,"column":6},"end":{"line":18,"column":51}},"12":{"start":{"line":23,"column":0},"end":{"line":33,"column":2}},"13":{"start":{"line":28,"column":26},"end":{"line":28,"column":41}},"14":{"start":{"line":29,"column":21},"end":{"line":29,"column":45}},"15":{"start":{"line":30,"column":6},"end":{"line":30,"column":25}}},"fnMap":{"0":{"name":"(anonymous_0)","decl":{"start":{"line":5,"column":21},"end":{"line":5,"column":22}},"loc":{"start":{"line":5,"column":46},"end":{"line":20,"column":1}},"line":5},"1":{"name":"(anonymous_1)","decl":{"start":{"line":9,"column":12},"end":{"line":9,"column":13}},"loc":{"start":{"line":9,"column":33},"end":{"line":19,"column":5}},"line":9},"2":{"name":"(anonymous_2)","decl":{"start":{"line":27,"column":13},"end":{"line":27,"column":14}},"loc":{"start":{"line":27,"column":33},"end":{"line":31,"column":5}},"line":27}},"branchMap":{"0":{"loc":{"start":{"line":10,"column":6},"end":{"line":12,"column":7}},"type":"if","locations":[{"start":{"line":10,"column":6},"end":{"line":12,"column":7}},{"start":{"line":10,"column":6},"end":{"line":12,"column":7}}],"line":10},"1":{"loc":{"start":{"line":14,"column":6},"end":{"line":16,"column":7}},"type":"if","locations":[{"start":{"line":14,"column":6},"end":{"line":16,"column":7}},{"start":{"line":14,"column":6},"end":{"line":16,"column":7}}],"line":14}},"s":{"0":2,"1":2,"2":2,"3":2,"4":7,"5":7,"6":7,"7":7,"8":5,"9":2,"10":1,"11":1,"12":2,"13":6,"14":6,"15":6},"f":{"0":7,"1":7,"2":6},"b":{"0":[5,2],"1":[1,1]},"_coverageSchema":"332fd63041d2c1bcb487cc26dd0d5f7d97098a6c","hash":"7b83acab9fb4ca2483e574aa720e47f5c0813fcb"}
,"/Users/abhilashnambissan/tinyurl/src/routes/index.js": {"path":"/Users/abhilashnambissan/tinyurl/src/routes/index.js","statementMap":{"0":{"start":{"line":1,"column":23},"end":{"line":1,"column":50}},"1":{"start":{"line":2,"column":20},"end":{"line":2,"column":52}},"2":{"start":{"line":3,"column":13},"end":{"line":3,"column":30}},"3":{"start":{"line":5,"column":0},"end":{"line":5,"column":62}}},"fnMap":{},"branchMap":{},"s":{"0":2,"1":2,"2":2,"3":2},"f":{},"b":{},"_coverageSchema":"332fd63041d2c1bcb487cc26dd0d5f7d97098a6c","hash":"cb9ec3cb31e03c9d22ed6b73e603a4dbe9814dbe"}
,"/Users/abhilashnambissan/tinyurl/src/routes/ping.js": {"path":"/Users/abhilashnambissan/tinyurl/src/routes/ping.js","statementMap":{"0":{"start":{"line":1,"column":16},"end":{"line":3,"column":1}},"1":{"start":{"line":2,"column":2},"end":{"line":2,"column":16}},"2":{"start":{"line":5,"column":0},"end":{"line":9,"column":2}}},"fnMap":{"0":{"name":"(anonymous_0)","decl":{"start":{"line":1,"column":16},"end":{"line":1,"column":17}},"loc":{"start":{"line":1,"column":36},"end":{"line":3,"column":1}},"line":1}},"branchMap":{},"s":{"0":2,"1":0,"2":2},"f":{"0":0},"b":{},"_coverageSchema":"332fd63041d2c1bcb487cc26dd0d5f7d97098a6c","hash":"5c50428c515dfe09d4f12ecdc90c1e2e93748239"}
,"/Users/abhilashnambissan/tinyurl/src/routes/readLongUrl.js": {"path":"/Users/abhilashnambissan/tinyurl/src/routes/readLongUrl.js","statementMap":{"0":{"start":{"line":1,"column":15},"end":{"line":1,"column":38}},"1":{"start":{"line":2,"column":14},"end":{"line":2,"column":30}},"2":{"start":{"line":4,"column":15},"end":{"line":4,"column":35}},"3":{"start":{"line":6,"column":0},"end":{"line":29,"column":2}},"4":{"start":{"line":11,"column":27},"end":{"line":11,"column":41}},"5":{"start":{"line":12,"column":6},"end":{"line":26,"column":9}},"6":{"start":{"line":13,"column":8},"end":{"line":13,"column":41}},"7":{"start":{"line":14,"column":8},"end":{"line":25,"column":9}},"8":{"start":{"line":15,"column":10},"end":{"line":22,"column":13}},"9":{"start":{"line":16,"column":12},"end":{"line":21,"column":13}},"10":{"start":{"line":17,"column":14},"end":{"line":17,"column":36}},"11":{"start":{"line":19,"column":14},"end":{"line":19,"column":104}},"12":{"start":{"line":20,"column":14},"end":{"line":20,"column":47}},"13":{"start":{"line":24,"column":10},"end":{"line":24,"column":26}}},"fnMap":{"0":{"name":"(anonymous_0)","decl":{"start":{"line":10,"column":13},"end":{"line":10,"column":14}},"loc":{"start":{"line":10,"column":36},"end":{"line":27,"column":5}},"line":10},"1":{"name":"(anonymous_1)","decl":{"start":{"line":12,"column":44},"end":{"line":12,"column":45}},"loc":{"start":{"line":12,"column":60},"end":{"line":26,"column":7}},"line":12},"2":{"name":"(anonymous_2)","decl":{"start":{"line":15,"column":70},"end":{"line":15,"column":71}},"loc":{"start":{"line":15,"column":79},"end":{"line":22,"column":11}},"line":15}},"branchMap":{"0":{"loc":{"start":{"line":14,"column":8},"end":{"line":25,"column":9}},"type":"if","locations":[{"start":{"line":14,"column":8},"end":{"line":25,"column":9}},{"start":{"line":14,"column":8},"end":{"line":25,"column":9}}],"line":14},"1":{"loc":{"start":{"line":16,"column":12},"end":{"line":21,"column":13}},"type":"if","locations":[{"start":{"line":16,"column":12},"end":{"line":21,"column":13}},{"start":{"line":16,"column":12},"end":{"line":21,"column":13}}],"line":16}},"s":{"0":2,"1":2,"2":2,"3":2,"4":3,"5":3,"6":3,"7":3,"8":3,"9":3,"10":1,"11":2,"12":2,"13":0},"f":{"0":3,"1":3,"2":3},"b":{"0":[3,0],"1":[1,2]},"_coverageSchema":"332fd63041d2c1bcb487cc26dd0d5f7d97098a6c","hash":"5c6a5954dfa5d1545322ef075a47550c01f2b672"}
}
