TN:
SF:/Users/abhilashnambissan/tinyurl/models/index.js
FN:19,(anonymous_0)
FN:22,(anonymous_1)
FN:27,(anonymous_2)
FNF:3
FNH:3
FNDA:4,(anonymous_0)
FNDA:2,(anonymous_1)
FNDA:2,(anonymous_2)
DA:3,2
DA:4,2
DA:5,2
DA:6,2
DA:7,2
DA:8,2
DA:9,2
DA:11,2
DA:12,0
DA:14,2
DA:17,2
DA:20,4
DA:23,2
DA:24,2
DA:27,2
DA:28,2
DA:29,2
DA:33,2
DA:34,2
DA:36,2
LF:20
LH:19
BRDA:7,0,0,2
BRDA:7,0,1,0
BRDA:11,1,0,0
BRDA:11,1,1,2
BRDA:20,2,0,4
BRDA:20,2,1,4
BRDA:20,2,2,2
BRDA:28,3,0,2
BRDA:28,3,1,0
BRF:9
BRH:6
end_of_record
TN:
SF:/Users/abhilashnambissan/tinyurl/models/tinyurl.js
FN:2,(anonymous_0)
FN:16,(anonymous_1)
FN:19,(anonymous_2)
FNF:3
FNH:3
FNDA:2,(anonymous_0)
FNDA:5,(anonymous_1)
FNDA:2,(anonymous_2)
DA:2,2
DA:3,2
DA:16,2
DA:17,5
DA:19,2
DA:22,2
LF:6
LH:6
BRF:0
BRH:0
end_of_record
TN:
SF:/Users/abhilashnambissan/tinyurl/src/server.js
FN:14,(anonymous_0)
FNF:1
FNH:0
FNDA:0,(anonymous_0)
DA:1,1
DA:2,1
DA:4,1
DA:6,1
DA:11,1
DA:13,1
DA:14,0
DA:15,0
DA:16,0
DA:18,0
DA:22,1
LF:11
LH:7
BRDA:13,0,0,0
BRDA:13,0,1,1
BRDA:15,1,0,0
BRDA:15,1,1,0
BRF:4
BRH:1
end_of_record
TN:
SF:/Users/abhilashnambissan/tinyurl/src/helpers/urlGenerator.js
FN:3,(anonymous_0)
FN:9,(anonymous_1)
FN:12,(anonymous_2)
FN:29,(anonymous_3)
FNF:4
FNH:4
FNDA:5,(anonymous_0)
FNDA:1,(anonymous_1)
FNDA:1000000,(anonymous_2)
FNDA:2,(anonymous_3)
DA:1,2
DA:3,2
DA:4,5
DA:5,5
DA:9,2
DA:10,1
DA:11,1
DA:12,1
DA:13,1000000
DA:15,1000000
DA:16,1000000
DA:17,14
DA:19,14
DA:21,1000000
DA:22,1000000
DA:26,1
DA:29,2
DA:30,2
DA:31,2
DA:32,2000000
DA:33,2000000
DA:36,2
DA:40,2
LF:23
LH:23
BRF:0
BRH:0
end_of_record
TN:
SF:/Users/abhilashnambissan/tinyurl/src/routes/createShortUrl.js
FN:5,(anonymous_0)
FN:9,(anonymous_1)
FN:27,(anonymous_2)
FNF:3
FNH:3
FNDA:5,(anonymous_0)
FNDA:5,(anonymous_1)
FNDA:4,(anonymous_2)
DA:1,1
DA:2,1
DA:3,1
DA:5,1
DA:6,5
DA:7,5
DA:8,5
DA:10,5
DA:11,3
DA:14,2
DA:15,1
DA:18,1
DA:23,1
DA:28,4
DA:29,4
DA:30,4
LF:16
LH:16
BRDA:10,0,0,3
BRDA:10,0,1,2
BRDA:14,1,0,1
BRDA:14,1,1,1
BRF:4
BRH:4
end_of_record
TN:
SF:/Users/abhilashnambissan/tinyurl/src/routes/index.js
FNF:0
FNH:0
DA:1,1
DA:3,1
LF:2
LH:2
BRF:0
BRH:0
end_of_record
