TN:
SF:/Users/abhilashnambissan/tinyurl/models/index.js
FN:19,(anonymous_0)
FN:22,(anonymous_1)
FN:27,(anonymous_2)
FNF:3
FNH:3
FNDA:6,(anonymous_0)
FNDA:3,(anonymous_1)
FNDA:3,(anonymous_2)
DA:3,3
DA:4,3
DA:5,3
DA:6,3
DA:7,3
DA:8,3
DA:9,3
DA:11,3
DA:12,0
DA:14,3
DA:17,3
DA:20,6
DA:23,3
DA:24,3
DA:27,3
DA:28,3
DA:29,3
DA:33,3
DA:34,3
DA:36,3
LF:20
LH:19
BRDA:7,0,0,3
BRDA:7,0,1,0
BRDA:11,1,0,0
BRDA:11,1,1,3
BRDA:20,2,0,6
BRDA:20,2,1,6
BRDA:20,2,2,3
BRDA:28,3,0,3
BRDA:28,3,1,0
BRF:9
BRH:6
end_of_record
TN:
SF:/Users/abhilashnambissan/tinyurl/models/tinyurl.js
FN:2,(anonymous_0)
FN:16,(anonymous_1)
FN:19,(anonymous_2)
FNF:3
FNH:3
FNDA:3,(anonymous_0)
FNDA:7,(anonymous_1)
FNDA:3,(anonymous_2)
DA:2,3
DA:3,3
DA:16,3
DA:17,7
DA:19,3
DA:22,3
LF:6
LH:6
BRF:0
BRH:0
end_of_record
TN:
SF:/Users/abhilashnambissan/tinyurl/src/server.js
FN:29,(anonymous_0)
FN:36,(anonymous_1)
FNF:2
FNH:1
FNDA:2,(anonymous_0)
FNDA:0,(anonymous_1)
DA:1,2
DA:2,2
DA:3,2
DA:5,2
DA:7,2
DA:12,2
DA:13,2
DA:30,2
DA:31,0
DA:35,2
DA:36,0
DA:37,0
DA:38,0
DA:40,0
DA:44,2
LF:15
LH:10
BRDA:30,0,0,0
BRDA:30,0,1,2
BRDA:35,1,0,0
BRDA:35,1,1,2
BRDA:37,2,0,0
BRDA:37,2,1,0
BRF:6
BRH:2
end_of_record
TN:
SF:/Users/abhilashnambissan/tinyurl/src/helpers/urlGenerator.js
FN:4,(anonymous_0)
FN:10,(anonymous_1)
FN:13,(anonymous_2)
FN:32,(anonymous_3)
FNF:4
FNH:4
FNDA:7,(anonymous_0)
FNDA:1,(anonymous_1)
FNDA:1000000,(anonymous_2)
FNDA:2,(anonymous_3)
DA:1,3
DA:4,3
DA:5,7
DA:6,7
DA:10,3
DA:11,1
DA:12,1
DA:13,1
DA:14,1000000
DA:16,1000000
DA:17,1000000
DA:18,14
DA:20,14
DA:22,1000000
DA:25,1000000
DA:29,1
DA:32,3
DA:33,2
DA:34,2
DA:35,2000000
DA:36,2000000
DA:39,2
DA:43,3
LF:23
LH:23
BRF:0
BRH:0
end_of_record
TN:
SF:/Users/abhilashnambissan/tinyurl/src/routes/createShortUrl.js
FN:5,(anonymous_0)
FN:9,(anonymous_1)
FN:27,(anonymous_2)
FNF:3
FNH:3
FNDA:7,(anonymous_0)
FNDA:7,(anonymous_1)
FNDA:6,(anonymous_2)
DA:1,2
DA:2,2
DA:3,2
DA:5,2
DA:6,7
DA:7,7
DA:8,7
DA:10,7
DA:11,5
DA:14,2
DA:15,1
DA:18,1
DA:23,2
DA:28,6
DA:29,6
DA:30,6
LF:16
LH:16
BRDA:10,0,0,5
BRDA:10,0,1,2
BRDA:14,1,0,1
BRDA:14,1,1,1
BRF:4
BRH:4
end_of_record
TN:
SF:/Users/abhilashnambissan/tinyurl/src/routes/index.js
FNF:0
FNH:0
DA:1,2
DA:2,2
DA:3,2
DA:5,2
LF:4
LH:4
BRF:0
BRH:0
end_of_record
TN:
SF:/Users/abhilashnambissan/tinyurl/src/routes/ping.js
FN:1,(anonymous_0)
FNF:1
FNH:0
FNDA:0,(anonymous_0)
DA:1,2
DA:2,0
DA:5,2
LF:3
LH:2
BRF:0
BRH:0
end_of_record
TN:
SF:/Users/abhilashnambissan/tinyurl/src/routes/readLongUrl.js
FN:10,(anonymous_0)
FN:12,(anonymous_1)
FN:15,(anonymous_2)
FNF:3
FNH:3
FNDA:3,(anonymous_0)
FNDA:3,(anonymous_1)
FNDA:3,(anonymous_2)
DA:1,2
DA:2,2
DA:4,2
DA:6,2
DA:11,3
DA:12,3
DA:13,3
DA:14,3
DA:15,3
DA:16,3
DA:17,1
DA:19,2
DA:20,2
DA:24,0
LF:14
LH:13
BRDA:14,0,0,3
BRDA:14,0,1,0
BRDA:16,1,0,1
BRDA:16,1,1,2
BRF:4
BRH:3
end_of_record
